2024-10-28 13:27:24,634 - INFO - Starting the Hotel Booking System...
2024-10-28 13:27:40,179 - INFO - User mdshafiuddin935@gmail.com logged in successfully.
2024-10-28 13:27:46,384 - INFO - Fetched available rooms from the database.
2024-10-28 13:28:08,312 - INFO - Fetched booking history for Customer ID: 801
2024-10-28 13:39:26,627 - ERROR - An error occurred while fetching booking history for Customer ID 801:
2024-10-28 13:39:26,628 - INFO - No bookings found for Customer ID: 801
2024-10-28 15:36:14,229 - INFO - Starting the Hotel Booking System...
2024-10-28 15:36:54,441 - INFO - Email sent successfully to mdshafiuddin935@gmail.com
2024-10-28 15:36:54,644 - INFO - SMTP server connection closed.
2024-10-28 15:36:54,645 - INFO - Customer shafi uddin registered successfully.
2024-10-28 15:38:31,939 - WARNING - Failed login attempt for email: mdshafiuddin935@gmail.com
2024-10-28 15:38:48,549 - INFO - User mdshafiuddin935@gmail.com logged in successfully.
2024-10-28 15:38:54,712 - INFO - Fetched available rooms from the database.
2024-10-28 15:40:17,107 - INFO - Fetched available rooms from the database.
2024-10-28 15:40:42,305 - ERROR - An error occurred while fetching booking history for Customer ID 901:
2024-10-28 15:40:42,306 - INFO - No bookings found for Customer ID: 901
2024-10-28 15:41:37,326 - INFO - Room ID 2 is available for booking.
2024-10-28 15:44:37,386 - INFO - Payment recorded successfully with ID: 601
2024-10-28 15:44:38,424 - INFO - Creating booking for Customer ID 901 with total amount $361.0.
2024-10-28 15:45:20,667 - INFO - Fetched booking history for Customer ID: 901
2024-10-28 15:47:29,806 - INFO - Partial cancellation processed. New total amount: $(180.5,)..Refund 180.5 to this 901 customer id
2024-10-28 15:47:29,893 - INFO - Booking ID 701 has been cancelled successfully.
2024-10-28 16:25:18,454 - INFO - Fetched available rooms from the database.
2024-10-28 16:25:23,587 - INFO - Fetched available rooms from the database.
2024-10-28 16:25:28,797 - INFO - Room ID 1 is available for booking.
2024-10-28 16:25:46,489 - INFO - Payment recorded successfully with ID: 1
2024-10-28 16:25:47,690 - INFO - Creating booking for Customer ID 901 with total amount $360.0.
2024-10-28 16:30:48,446 - INFO - Starting the Hotel Booking System...
2024-10-28 16:31:11,801 - INFO - User mdshafiuddin935@gmail.com logged in successfully.
2024-10-28 16:31:14,809 - INFO - Fetched available rooms from the database.
2024-10-28 16:31:20,345 - INFO - Fetched booking history for Customer ID: 901
2024-10-28 16:31:54,670 - INFO - Full cancellation processed for Booking ID 702. Refund: 180.00 to this 901 customer
2024-10-28 16:31:54,721 - INFO - Booking ID 702 has been cancelled successfully.
2024-10-28 16:32:20,547 - INFO - Fetched available rooms from the database.
2024-10-28 16:32:30,144 - INFO - Fetched booking history for Customer ID: 901
2024-10-28 16:32:51,220 - INFO - Room ID 8 is available for booking.
2024-10-28 16:33:10,495 - INFO - Payment recorded successfully with ID: 101
2024-10-28 16:33:11,705 - INFO - Creating booking for Customer ID 901 with total amount $220.0.
2024-10-28 16:34:13,016 - INFO - Full cancellation processed for Booking ID 703. Refund: 110.00 to this 901 customer
2024-10-28 16:34:13,079 - INFO - Booking ID 703 has been cancelled successfully.
2024-10-28 16:34:50,658 - INFO - Fetched available rooms from the database.
2024-10-28 16:35:07,203 - INFO - Room ID 4 is available for booking.
2024-10-28 16:35:25,805 - INFO - Payment recorded successfully with ID: 102
2024-10-28 16:35:26,909 - INFO - Creating booking for Customer ID 901 with total amount $300.0.
2024-10-28 16:36:14,230 - ERROR - An error occurred while cancelling Booking ID 801: 001003 (42000): SQL compilation error:
syntax error line 3 at position 53 unexpected '100.0'.
2024-10-28 16:38:18,850 - INFO - Exiting the Hotel Booking System.
2024-10-28 16:38:23,415 - INFO - Starting the Hotel Booking System...
2024-10-28 16:38:49,130 - WARNING - Failed login attempt for email: mdshafiuddin935@gamil.com
2024-10-28 16:39:20,208 - WARNING - Failed login attempt for email: mdshafiuddin935@gamil.com
2024-10-28 16:39:35,410 - INFO - User mdshafiuddin935@gmail.com logged in successfully.
2024-10-28 16:39:39,066 - INFO - Fetched available rooms from the database.
2024-10-28 16:40:11,711 - ERROR - An error occurred while cancelling Booking ID 801: 001003 (42000): SQL compilation error:
syntax error line 3 at position 53 unexpected '100.0'.
2024-10-28 16:40:52,588 - INFO - Full cancellation processed for Booking ID 801. Refund: 150.00 to this 901 customer
2024-10-28 16:40:52,636 - INFO - Booking ID 801 has been cancelled successfully.
2024-10-28 16:41:12,593 - INFO - Fetched available rooms from the database.
2024-10-28 16:41:25,203 - INFO - Starting the Hotel Booking System...
2024-10-28 16:41:42,594 - INFO - User mdshafiuddin935@gmail.com logged in successfully.
2024-10-28 16:42:04,442 - INFO - Room ID 4 is available for booking.
2024-10-28 16:42:11,055 - ERROR - An error occurred: time data '' does not match format '%Y-%m-%d'
2024-10-28 16:42:15,775 - INFO - Starting the Hotel Booking System...
2024-10-28 16:42:33,879 - INFO - User mdshafiuddin935@gmail.com logged in successfully.
2024-10-28 16:42:57,237 - INFO - Room ID 4 is available for booking.
2024-10-28 16:43:11,800 - INFO - Payment recorded successfully with ID: 103
2024-10-28 16:43:12,962 - INFO - Creating booking for Customer ID 901 with total amount $300.0.
2024-10-28 16:44:22,101 - ERROR - An error occurred while cancelling Booking ID 704: 001003 (42000): SQL compilation error:
syntax error line 3 at position 53 unexpected '100.0'.
2024-10-28 16:49:50,749 - ERROR - An error occurred while cancelling Booking ID 704: 001003 (42000): SQL compilation error:
syntax error line 3 at position 53 unexpected '100.0'.
2024-10-28 16:51:09,026 - ERROR - An error occurred while cancelling Booking ID 704: 001003 (42000): SQL compilation error:
syntax error line 3 at position 53 unexpected '100.0'.
2024-10-28 16:51:21,423 - INFO - Starting the Hotel Booking System...
2024-10-28 16:51:52,509 - INFO - User mdshafiuddin935@gmail.com logged in successfully.
2024-10-28 16:52:08,968 - ERROR - An error occurred while cancelling Booking ID 704: 'float' object is not subscriptable
2024-10-28 16:55:09,407 - INFO - Fetched available rooms from the database.
2024-10-28 16:55:17,466 - INFO - Room ID 4 is available for booking.
2024-10-28 16:55:32,123 - INFO - Payment recorded successfully with ID: 104
2024-10-28 16:55:33,484 - INFO - Creating booking for Customer ID 901 with total amount $300.0.
2024-10-28 16:56:06,586 - ERROR - An error occurred while cancelling Booking ID 705: 'float' object is not subscriptable
2024-10-28 16:58:22,854 - INFO - Fetched available rooms from the database.
2024-10-28 16:58:30,463 - INFO - Room ID 4 is available for booking.
2024-10-28 16:58:43,212 - INFO - Payment recorded successfully with ID: 1
2024-10-28 16:58:44,443 - INFO - Creating booking for Customer ID 901 with total amount $300.0.
2024-10-28 16:59:28,621 - ERROR - An error occurred while cancelling Booking ID 802: 'float' object is not subscriptable
2024-10-28 17:01:24,434 - INFO - Fetched available rooms from the database.
2024-10-28 17:01:47,168 - INFO - Room ID 4 is available for booking.
2024-10-28 17:02:06,888 - INFO - Payment recorded successfully with ID: 101
2024-10-28 17:02:08,867 - INFO - Creating booking for Customer ID 901 with total amount $300.0.
2024-10-28 17:02:46,026 - ERROR - An error occurred while cancelling Booking ID 803: 'float' object is not subscriptable
2024-10-28 17:04:44,347 - INFO - Starting the Hotel Booking System...
2024-10-28 17:05:00,895 - INFO - User mdshafiuddin935@gmail.com logged in successfully.
2024-10-28 17:05:56,025 - INFO - Fetched available rooms from the database.
2024-10-28 17:06:35,314 - INFO - Fetched available rooms from the database.
2024-10-28 17:06:39,747 - INFO - Fetched available rooms from the database.
2024-10-28 17:06:46,753 - INFO - Starting the Hotel Booking System...
2024-10-28 17:07:11,423 - INFO - Starting the Hotel Booking System...
2024-10-28 17:07:28,352 - INFO - User mdshafiuddin935@gmail.com logged in successfully.
2024-10-28 17:07:30,952 - INFO - Fetched available rooms from the database.
2024-10-28 17:07:58,139 - INFO - Room ID 4 is available for booking.
2024-10-28 17:08:15,888 - INFO - Payment recorded successfully with ID: 2
2024-10-28 17:08:16,990 - INFO - Creating booking for Customer ID 901 with total amount $300.0.
2024-10-28 17:09:04,388 - ERROR - An error occurred while cancelling Booking ID 804: 001003 (42000): SQL compilation error:
syntax error line 3 at position 53 unexpected '100.0'.
2024-10-28 17:11:18,559 - ERROR - An error occurred while cancelling Booking ID 804: 001003 (42000): SQL compilation error:
syntax error line 3 at position 53 unexpected '100.0'.
2024-10-28 17:12:00,872 - ERROR - An error occurred while cancelling Booking ID 804: float() argument must be a string or a number, not 'tuple'
2024-10-28 17:13:56,659 - INFO - Starting the Hotel Booking System...
2024-10-28 17:14:04,294 - ERROR - Failed to send email: {'1': (553, b'5.1.3 The recipient address <1> is not a valid RFC 5321 address. For more\n5.1.3 information, go to\n5.1.3  https://support.google.com/a/answer/3221692 and review RFC 5321\n5.1.3 specifications. 98e67ed59e1d1-2e8e3555adesm6969586a91.2 - gsmtp')}
2024-10-28 17:14:04,489 - INFO - SMTP server connection closed.
2024-10-28 17:14:04,490 - INFO - Customer 1 1 registered successfully.
2024-10-28 17:14:17,156 - INFO - User 1 logged in successfully.
2024-10-28 17:14:25,337 - INFO - Room ID 4 is available for booking.
2024-10-28 17:14:43,030 - INFO - Payment recorded successfully with ID: 102
2024-10-28 17:14:45,101 - INFO - Creating booking for Customer ID 1001 with total amount $300.0.
2024-10-28 17:15:22,085 - INFO - Partial cancellation processed. New total amount: $(100.0,)..Refund 200.0 to this 1001 customer id
2024-10-28 17:15:22,145 - INFO - Booking ID 901 has been cancelled successfully.
2024-10-28 17:16:14,024 - INFO - Room ID 4 is available for booking.
2024-10-28 17:16:37,420 - INFO - Payment recorded successfully with ID: 103
2024-10-28 17:16:38,489 - INFO - Creating booking for Customer ID 1001 with total amount $300.0.
2024-10-28 17:16:58,234 - INFO - Full cancellation processed for Booking ID 902. Refund: 150.00 to this 1001 customer
2024-10-28 17:16:58,286 - INFO - Booking ID 902 has been cancelled successfully.
2024-10-28 17:27:27,665 - INFO - Starting the Hotel Booking System...
2024-10-28 17:27:29,314 - ERROR - An error occurred: 'staticmethod' object is not callable
2024-10-28 17:27:32,426 - INFO - Starting the Hotel Booking System...
2024-10-28 17:27:33,537 - ERROR - An error occurred: 'staticmethod' object is not callable
2024-10-28 17:27:57,221 - INFO - Starting the Hotel Booking System...
2024-10-28 17:28:00,249 - ERROR - Registration failed: name 're' is not defined
2024-10-28 17:28:00,250 - ERROR - An error occurred: local variable 'conn' referenced before assignment
2024-10-28 17:28:05,523 - INFO - Starting the Hotel Booking System...
2024-10-28 17:28:08,697 - ERROR - Registration failed: name 're' is not defined
2024-10-28 17:28:08,697 - ERROR - An error occurred: local variable 'conn' referenced before assignment
2024-10-28 17:28:58,961 - INFO - Starting the Hotel Booking System...
2024-10-28 17:29:01,228 - ERROR - An error occurred: local variable 'conn' referenced before assignment
2024-10-28 17:32:22,734 - INFO - Starting the Hotel Booking System...
2024-10-28 17:34:14,943 - INFO - Email sent successfully to a@g.com
2024-10-28 17:34:15,150 - INFO - SMTP server connection closed.
2024-10-28 17:34:15,150 - INFO - Customer shafi uddin registered successfully.
2024-10-28 17:36:09,238 - INFO - Starting the Hotel Booking System...
2024-10-28 17:36:56,559 - ERROR - An error occurred: local variable 'conn' referenced before assignment
2024-10-28 17:38:32,272 - INFO - Starting the Hotel Booking System...
2024-10-28 17:38:52,679 - ERROR - An error occurred: local variable 'conn' referenced before assignment
2024-10-28 18:10:15,810 - INFO - Starting the Hotel Booking System...
2024-10-28 18:13:00,388 - INFO - Email sent successfully to irfan@gmail.com
2024-10-28 18:13:00,584 - INFO - SMTP server connection closed.
2024-10-28 18:13:00,585 - INFO - Customer irfan uddin registered successfully.
2024-10-28 18:13:41,869 - INFO - User irfan@gmail.com logged in successfully.
2024-10-28 18:13:44,000 - INFO - Fetched available rooms from the database.
2024-10-28 18:14:22,413 - ERROR - An error occurred while fetching booking history for Customer ID 1102:
2024-10-28 18:14:22,413 - INFO - No bookings found for Customer ID: 1102
2024-10-28 18:16:51,115 - INFO - Starting the Hotel Booking System...
2024-10-28 18:16:59,178 - WARNING - Failed login attempt for email: login
2024-10-28 18:17:01,454 - INFO - User 1 logged in successfully.
2024-10-28 18:17:11,550 - INFO - Room ID 4 is available for booking.
2024-10-28 18:17:52,688 - INFO - Starting the Hotel Booking System...
2024-10-28 18:17:57,538 - INFO - User 1 logged in successfully.
2024-10-28 18:18:04,173 - INFO - Room ID 4 is available for booking.
2024-10-28 19:44:35,495 - INFO - Starting the Hotel Booking System...
2024-10-28 19:45:01,593 - INFO - User mdshafiuddin935@gmail.com logged in successfully.
2024-10-28 19:45:03,253 - INFO - Fetched available rooms from the database.
2024-10-28 19:45:13,239 - INFO - Room ID 8 is available for booking.
2024-10-28 19:45:35,201 - INFO - Payment recorded successfully with ID: 201
2024-10-28 19:45:36,297 - INFO - Creating booking for Customer ID 901 with total amount $110.0.
2024-10-28 19:46:58,074 - INFO - Full cancellation processed for Booking ID 1001. Refund: 55.00 to this 901 customer
2024-10-28 19:46:58,127 - INFO - Booking ID 1001 has been cancelled successfully.
2024-10-28 19:47:25,382 - INFO - Starting the Hotel Booking System...
2024-10-28 19:51:20,222 - INFO - Starting the Hotel Booking System...
2024-10-28 22:52:12,910 - INFO - Starting the Hotel Booking System...
2024-10-29 09:42:23,451 - INFO - Starting the Hotel Booking System...
2024-10-29 09:43:31,373 - INFO - Email sent successfully to ram@gmail.com
2024-10-29 09:43:31,568 - INFO - SMTP server connection closed.
2024-10-29 09:43:31,568 - INFO - Customer ram kumar registered successfully.
2024-10-29 09:43:51,244 - INFO - User ram@gmail.com logged in successfully.
2024-10-29 09:43:53,886 - INFO - Fetched available rooms from the database.
2024-10-29 09:43:59,496 - ERROR - An error occurred while fetching booking history for Customer ID 1201:
2024-10-29 09:43:59,496 - INFO - No bookings found for Customer ID: 1201
2024-10-29 09:44:20,078 - INFO - Room ID 6 is available for booking.
2024-10-29 09:44:48,546 - INFO - Payment recorded successfully with ID: 301
2024-10-29 09:44:49,762 - INFO - Creating booking for Customer ID 1201 with total amount $1350.0.
2024-10-29 09:45:17,749 - INFO - Fetched booking history for Customer ID: 1201
2024-10-29 10:29:25,683 - INFO - Room ID 1 is available for booking.
2024-10-29 10:30:10,972 - INFO - Payment recorded successfully with ID: 401
2024-10-29 10:30:12,436 - INFO - Creating booking for Customer ID 1201 with total amount $120.0.
